                                      1 ;--------------------------------------------------------
                                      2 ; File Created by SDCC : free open source ANSI-C Compiler
                                      3 ; Version 4.1.6 #12539 (MINGW32)
                                      4 ;--------------------------------------------------------
                                      5 	.module Player
                                      6 	.optsdcc -mgbz80
                                      7 	
                                      8 ;--------------------------------------------------------
                                      9 ; Public variables in this module
                                     10 ;--------------------------------------------------------
                                     11 	.globl _setup_16x16_meta
                                     12 	.globl _translate_16x16_meta
                                     13 	.globl _set_16x16_meta_hitbox
                                     14 	.globl _set_16x16_meta_visibility
                                     15 	.globl _set_16x16_meta_velocity
                                     16 	.globl _set_16x16_meta_position
                                     17 	.globl _init_16x16_meta_old
                                     18 	.globl _init_16x16_meta
                                     19 	.globl _PhasmoPlaceholder
                                     20 	.globl _p_player_sprite
                                     21 	.globl _p_player_sub_tile3
                                     22 	.globl _p_player_sub_tile2
                                     23 	.globl _p_player_sub_tile1
                                     24 	.globl _p_player_sub_tile0
                                     25 	.globl _player_sprite
                                     26 	.globl _player_sub_tile3
                                     27 	.globl _player_sub_tile2
                                     28 	.globl _player_sub_tile1
                                     29 	.globl _player_sub_tile0
                                     30 	.globl _create_player
                                     31 	.globl _create_player_old
                                     32 	.globl _move_player
                                     33 ;--------------------------------------------------------
                                     34 ; special function registers
                                     35 ;--------------------------------------------------------
                                     36 ;--------------------------------------------------------
                                     37 ; ram data
                                     38 ;--------------------------------------------------------
                                     39 	.area _DATA
                           000000    40 G$player_sub_tile0$0_0$0==.
      000000                         41 _player_sub_tile0::
      000000                         42 	.ds 8
                           000008    43 G$player_sub_tile1$0_0$0==.
      000008                         44 _player_sub_tile1::
      000008                         45 	.ds 8
                           000010    46 G$player_sub_tile2$0_0$0==.
      000010                         47 _player_sub_tile2::
      000010                         48 	.ds 8
                           000018    49 G$player_sub_tile3$0_0$0==.
      000018                         50 _player_sub_tile3::
      000018                         51 	.ds 8
                           000020    52 G$player_sprite$0_0$0==.
      000020                         53 _player_sprite::
      000020                         54 	.ds 17
                                     55 ;--------------------------------------------------------
                                     56 ; ram data
                                     57 ;--------------------------------------------------------
                                     58 	.area _INITIALIZED
                           000000    59 G$p_player_sub_tile0$0_0$0==.
      000000                         60 _p_player_sub_tile0::
      000000                         61 	.ds 2
                           000002    62 G$p_player_sub_tile1$0_0$0==.
      000002                         63 _p_player_sub_tile1::
      000002                         64 	.ds 2
                           000004    65 G$p_player_sub_tile2$0_0$0==.
      000004                         66 _p_player_sub_tile2::
      000004                         67 	.ds 2
                           000006    68 G$p_player_sub_tile3$0_0$0==.
      000006                         69 _p_player_sub_tile3::
      000006                         70 	.ds 2
                           000008    71 G$p_player_sprite$0_0$0==.
      000008                         72 _p_player_sprite::
      000008                         73 	.ds 2
                           00000A    74 G$PhasmoPlaceholder$0_0$0==.
      00000A                         75 _PhasmoPlaceholder::
      00000A                         76 	.ds 64
                                     77 ;--------------------------------------------------------
                                     78 ; absolute external ram data
                                     79 ;--------------------------------------------------------
                                     80 	.area _DABS (ABS)
                                     81 ;--------------------------------------------------------
                                     82 ; global & static initialisations
                                     83 ;--------------------------------------------------------
                                     84 	.area _HOME
                                     85 	.area _GSINIT
                                     86 	.area _GSFINAL
                                     87 	.area _GSINIT
                                     88 ;--------------------------------------------------------
                                     89 ; Home
                                     90 ;--------------------------------------------------------
                                     91 	.area _HOME
                                     92 	.area _HOME
                                     93 ;--------------------------------------------------------
                                     94 ; code
                                     95 ;--------------------------------------------------------
                                     96 	.area _CODE
                           000000    97 	G$create_player$0$0	= .
                                     98 	.globl	G$create_player$0$0
                           000000    99 	C$Player.c$42$0_0$123	= .
                                    100 	.globl	C$Player.c$42$0_0$123
                                    101 ;src/gameplay/Players/Player.c:42: void create_player(void)
                                    102 ;	---------------------------------
                                    103 ; Function create_player
                                    104 ; ---------------------------------
      000000                        105 _create_player::
                           000000   106 	C$Player.c$46$1_0$123	= .
                                    107 	.globl	C$Player.c$46$1_0$123
                                    108 ;src/gameplay/Players/Player.c:46: set_16x16_meta_position(p_player_sprite, PLAYER_INIT_X, PLAYER_INIT_Y);
      000000 21 32 32               109 	ld	hl, #0x3232
      000003 E5                     110 	push	hl
      000004 21r08r00               111 	ld	hl, #_p_player_sprite
      000007 2A                     112 	ld	a, (hl+)
      000008 5F                     113 	ld	e, a
      000009 56                     114 	ld	d, (hl)
      00000A D5                     115 	push	de
      00000B CDr00r00               116 	call	_set_16x16_meta_position
      00000E E8 04                  117 	add	sp, #4
                           000010   118 	C$Player.c$47$1_0$123	= .
                                    119 	.globl	C$Player.c$47$1_0$123
                                    120 ;src/gameplay/Players/Player.c:47: set_16x16_meta_velocity(p_player_sprite, PLAYER_INIT_VELOCITY);
      000010 3E 01                  121 	ld	a, #0x01
      000012 F5                     122 	push	af
      000013 33                     123 	inc	sp
      000014 21r08r00               124 	ld	hl, #_p_player_sprite
      000017 2A                     125 	ld	a, (hl+)
      000018 5F                     126 	ld	e, a
      000019 56                     127 	ld	d, (hl)
      00001A D5                     128 	push	de
      00001B CDr00r00               129 	call	_set_16x16_meta_velocity
      00001E E8 03                  130 	add	sp, #3
                           000020   131 	C$Player.c$48$1_0$123	= .
                                    132 	.globl	C$Player.c$48$1_0$123
                                    133 ;src/gameplay/Players/Player.c:48: set_16x16_meta_visibility(p_player_sprite, 1);
      000020 3E 01                  134 	ld	a, #0x01
      000022 F5                     135 	push	af
      000023 33                     136 	inc	sp
      000024 21r08r00               137 	ld	hl, #_p_player_sprite
      000027 2A                     138 	ld	a, (hl+)
      000028 5F                     139 	ld	e, a
      000029 56                     140 	ld	d, (hl)
      00002A D5                     141 	push	de
      00002B CDr00r00               142 	call	_set_16x16_meta_visibility
      00002E E8 03                  143 	add	sp, #3
                           000030   144 	C$Player.c$49$1_0$123	= .
                                    145 	.globl	C$Player.c$49$1_0$123
                                    146 ;src/gameplay/Players/Player.c:49: set_16x16_meta_hitbox(p_player_sprite, 1);
      000030 3E 01                  147 	ld	a, #0x01
      000032 F5                     148 	push	af
      000033 33                     149 	inc	sp
      000034 21r08r00               150 	ld	hl, #_p_player_sprite
      000037 2A                     151 	ld	a, (hl+)
      000038 5F                     152 	ld	e, a
      000039 56                     153 	ld	d, (hl)
      00003A D5                     154 	push	de
      00003B CDr00r00               155 	call	_set_16x16_meta_hitbox
      00003E E8 03                  156 	add	sp, #3
                           000040   157 	C$Player.c$51$1_0$123	= .
                                    158 	.globl	C$Player.c$51$1_0$123
                                    159 ;src/gameplay/Players/Player.c:51: init_16x16_meta(p_player_sprite, PLAYER_SPRITE_ID, PLAYER_INIT_TILE, PLAYER_MAX_TILE, PLAYER_TEXTURE_IDX, 
      000040 21r06r00               160 	ld	hl, #_p_player_sub_tile3
      000043 2A                     161 	ld	a, (hl+)
      000044 5F                     162 	ld	e, a
      000045 56                     163 	ld	d, (hl)
      000046 D5                     164 	push	de
      000047 21r04r00               165 	ld	hl, #_p_player_sub_tile2
      00004A 2A                     166 	ld	a, (hl+)
      00004B 5F                     167 	ld	e, a
      00004C 56                     168 	ld	d, (hl)
      00004D D5                     169 	push	de
      00004E 21r02r00               170 	ld	hl, #_p_player_sub_tile1
      000051 2A                     171 	ld	a, (hl+)
      000052 5F                     172 	ld	e, a
      000053 56                     173 	ld	d, (hl)
      000054 D5                     174 	push	de
      000055 21r00r00               175 	ld	hl, #_p_player_sub_tile0
      000058 2A                     176 	ld	a, (hl+)
      000059 5F                     177 	ld	e, a
      00005A 56                     178 	ld	d, (hl)
      00005B D5                     179 	push	de
      00005C 21 04 00               180 	ld	hl, #0x04
      00005F E5                     181 	push	hl
      000060 AF                     182 	xor	a, a
      000061 0F                     183 	rrca
      000062 F5                     184 	push	af
      000063 21r08r00               185 	ld	hl, #_p_player_sprite
      000066 2A                     186 	ld	a, (hl+)
      000067 5F                     187 	ld	e, a
      000068 56                     188 	ld	d, (hl)
      000069 D5                     189 	push	de
      00006A CDr00r00               190 	call	_init_16x16_meta
      00006D E8 0E                  191 	add	sp, #14
                           00006F   192 	C$Player.c$59$1_0$123	= .
                                    193 	.globl	C$Player.c$59$1_0$123
                                    194 ;src/gameplay/Players/Player.c:59: setup_16x16_meta(p_player_sprite, PhasmoPlaceholder);  
      00006F 11r0Ar00               195 	ld	de, #_PhasmoPlaceholder
      000072 D5                     196 	push	de
      000073 21r08r00               197 	ld	hl, #_p_player_sprite
      000076 2A                     198 	ld	a, (hl+)
      000077 5F                     199 	ld	e, a
      000078 56                     200 	ld	d, (hl)
      000079 D5                     201 	push	de
      00007A CDr00r00               202 	call	_setup_16x16_meta
      00007D E8 04                  203 	add	sp, #4
                           00007F   204 	C$Player.c$60$1_0$123	= .
                                    205 	.globl	C$Player.c$60$1_0$123
                                    206 ;src/gameplay/Players/Player.c:60: }
                           00007F   207 	C$Player.c$60$1_0$123	= .
                                    208 	.globl	C$Player.c$60$1_0$123
                           00007F   209 	XG$create_player$0$0	= .
                                    210 	.globl	XG$create_player$0$0
      00007F C9                     211 	ret
                           000080   212 	G$create_player_old$0$0	= .
                                    213 	.globl	G$create_player_old$0$0
                           000080   214 	C$Player.c$62$1_0$125	= .
                                    215 	.globl	C$Player.c$62$1_0$125
                                    216 ;src/gameplay/Players/Player.c:62: void create_player_old(void)
                                    217 ;	---------------------------------
                                    218 ; Function create_player_old
                                    219 ; ---------------------------------
      000080                        220 _create_player_old::
                           000080   221 	C$Player.c$64$1_0$125	= .
                                    222 	.globl	C$Player.c$64$1_0$125
                                    223 ;src/gameplay/Players/Player.c:64: init_16x16_meta_old(p_player_sprite, 0, 0, 4, 0, 50, 50, p_player_sub_tile0, p_player_sub_tile1, p_player_sub_tile2, p_player_sub_tile3);
      000080 21r06r00               224 	ld	hl, #_p_player_sub_tile3
      000083 2A                     225 	ld	a, (hl+)
      000084 5F                     226 	ld	e, a
      000085 56                     227 	ld	d, (hl)
      000086 D5                     228 	push	de
      000087 21r04r00               229 	ld	hl, #_p_player_sub_tile2
      00008A 2A                     230 	ld	a, (hl+)
      00008B 5F                     231 	ld	e, a
      00008C 56                     232 	ld	d, (hl)
      00008D D5                     233 	push	de
      00008E 21r02r00               234 	ld	hl, #_p_player_sub_tile1
      000091 2A                     235 	ld	a, (hl+)
      000092 5F                     236 	ld	e, a
      000093 56                     237 	ld	d, (hl)
      000094 D5                     238 	push	de
      000095 21r00r00               239 	ld	hl, #_p_player_sub_tile0
      000098 2A                     240 	ld	a, (hl+)
      000099 5F                     241 	ld	e, a
      00009A 56                     242 	ld	d, (hl)
      00009B D5                     243 	push	de
      00009C 21 32 32               244 	ld	hl, #0x3232
      00009F E5                     245 	push	hl
      0000A0 21 04 00               246 	ld	hl, #0x04
      0000A3 E5                     247 	push	hl
      0000A4 AF                     248 	xor	a, a
      0000A5 0F                     249 	rrca
      0000A6 F5                     250 	push	af
      0000A7 21r08r00               251 	ld	hl, #_p_player_sprite
      0000AA 2A                     252 	ld	a, (hl+)
      0000AB 5F                     253 	ld	e, a
      0000AC 56                     254 	ld	d, (hl)
      0000AD D5                     255 	push	de
      0000AE CDr00r00               256 	call	_init_16x16_meta_old
      0000B1 E8 10                  257 	add	sp, #16
                           0000B3   258 	C$Player.c$66$1_0$125	= .
                                    259 	.globl	C$Player.c$66$1_0$125
                                    260 ;src/gameplay/Players/Player.c:66: setup_16x16_meta(p_player_sprite, PhasmoPlaceholder);  
      0000B3 11r0Ar00               261 	ld	de, #_PhasmoPlaceholder
      0000B6 D5                     262 	push	de
      0000B7 21r08r00               263 	ld	hl, #_p_player_sprite
      0000BA 2A                     264 	ld	a, (hl+)
      0000BB 5F                     265 	ld	e, a
      0000BC 56                     266 	ld	d, (hl)
      0000BD D5                     267 	push	de
      0000BE CDr00r00               268 	call	_setup_16x16_meta
      0000C1 E8 04                  269 	add	sp, #4
                           0000C3   270 	C$Player.c$67$1_0$125	= .
                                    271 	.globl	C$Player.c$67$1_0$125
                                    272 ;src/gameplay/Players/Player.c:67: }
                           0000C3   273 	C$Player.c$67$1_0$125	= .
                                    274 	.globl	C$Player.c$67$1_0$125
                           0000C3   275 	XG$create_player_old$0$0	= .
                                    276 	.globl	XG$create_player_old$0$0
      0000C3 C9                     277 	ret
                           0000C4   278 	G$move_player$0$0	= .
                                    279 	.globl	G$move_player$0$0
                           0000C4   280 	C$Player.c$69$1_0$127	= .
                                    281 	.globl	C$Player.c$69$1_0$127
                                    282 ;src/gameplay/Players/Player.c:69: inline void move_player(void)
                                    283 ;	---------------------------------
                                    284 ; Function move_player
                                    285 ; ---------------------------------
      0000C4                        286 _move_player::
                           0000C4   287 	C$Player.c$71$1_0$127	= .
                                    288 	.globl	C$Player.c$71$1_0$127
                                    289 ;src/gameplay/Players/Player.c:71: translate_16x16_meta(p_player_sprite);
      0000C4 21r08r00               290 	ld	hl, #_p_player_sprite
      0000C7 2A                     291 	ld	a, (hl+)
      0000C8 5F                     292 	ld	e, a
      0000C9 56                     293 	ld	d, (hl)
      0000CA D5                     294 	push	de
      0000CB CDr00r00               295 	call	_translate_16x16_meta
      0000CE E1                     296 	pop	hl
                           0000CF   297 	C$Player.c$72$1_0$127	= .
                                    298 	.globl	C$Player.c$72$1_0$127
                                    299 ;src/gameplay/Players/Player.c:72: }
                           0000CF   300 	C$Player.c$72$1_0$127	= .
                                    301 	.globl	C$Player.c$72$1_0$127
                           0000CF   302 	XG$move_player$0$0	= .
                                    303 	.globl	XG$move_player$0$0
      0000CF C9                     304 	ret
                                    305 	.area _CODE
                                    306 	.area _INITIALIZER
                           000000   307 FPlayer$__xinit_p_player_sub_tile0$0_0$0 == .
      000000                        308 __xinit__p_player_sub_tile0:
      000000r00r00                  309 	.dw _player_sub_tile0
                           000002   310 FPlayer$__xinit_p_player_sub_tile1$0_0$0 == .
      000002                        311 __xinit__p_player_sub_tile1:
      000002r08r00                  312 	.dw _player_sub_tile1
                           000004   313 FPlayer$__xinit_p_player_sub_tile2$0_0$0 == .
      000004                        314 __xinit__p_player_sub_tile2:
      000004r10r00                  315 	.dw _player_sub_tile2
                           000006   316 FPlayer$__xinit_p_player_sub_tile3$0_0$0 == .
      000006                        317 __xinit__p_player_sub_tile3:
      000006r18r00                  318 	.dw _player_sub_tile3
                           000008   319 FPlayer$__xinit_p_player_sprite$0_0$0 == .
      000008                        320 __xinit__p_player_sprite:
      000008r20r00                  321 	.dw _player_sprite
                           00000A   322 FPlayer$__xinit_PhasmoPlaceholder$0_0$0 == .
      00000A                        323 __xinit__PhasmoPlaceholder:
      00000A 00                     324 	.db #0x00	; 0
      00000B 1F                     325 	.db #0x1f	; 31
      00000C 0E                     326 	.db #0x0e	; 14
      00000D 31                     327 	.db #0x31	; 49	'1'
      00000E 1F                     328 	.db #0x1f	; 31
      00000F 20                     329 	.db #0x20	; 32
      000010 00                     330 	.db #0x00	; 0
      000011 3F                     331 	.db #0x3f	; 63
      000012 1F                     332 	.db #0x1f	; 31
      000013 23                     333 	.db #0x23	; 35
      000014 0F                     334 	.db #0x0f	; 15
      000015 33                     335 	.db #0x33	; 51	'3'
      000016 0F                     336 	.db #0x0f	; 15
      000017 10                     337 	.db #0x10	; 16
      000018 07                     338 	.db #0x07	; 7
      000019 18                     339 	.db #0x18	; 24
      00001A 00                     340 	.db #0x00	; 0
      00001B F0                     341 	.db #0xf0	; 240
      00001C 30                     342 	.db #0x30	; 48	'0'
      00001D C8                     343 	.db #0xc8	; 200
      00001E F0                     344 	.db #0xf0	; 240
      00001F 0C                     345 	.db #0x0c	; 12
      000020 00                     346 	.db #0x00	; 0
      000021 FF                     347 	.db #0xff	; 255
      000022 F8                     348 	.db #0xf8	; 248
      000023 34                     349 	.db #0x34	; 52	'4'
      000024 F8                     350 	.db #0xf8	; 248
      000025 34                     351 	.db #0x34	; 52	'4'
      000026 F8                     352 	.db #0xf8	; 248
      000027 04                     353 	.db #0x04	; 4
      000028 F0                     354 	.db #0xf0	; 240
      000029 0C                     355 	.db #0x0c	; 12
      00002A E0                     356 	.db #0xe0	; 224
      00002B 18                     357 	.db #0x18	; 24
      00002C 80                     358 	.db #0x80	; 128
      00002D 70                     359 	.db #0x70	; 112	'p'
      00002E 00                     360 	.db #0x00	; 0
      00002F C0                     361 	.db #0xc0	; 192
      000030 00                     362 	.db #0x00	; 0
      000031 80                     363 	.db #0x80	; 128
      000032 00                     364 	.db #0x00	; 0
      000033 80                     365 	.db #0x80	; 128
      000034 00                     366 	.db #0x00	; 0
      000035 C0                     367 	.db #0xc0	; 192
      000036 80                     368 	.db #0x80	; 128
      000037 40                     369 	.db #0x40	; 64
      000038 00                     370 	.db #0x00	; 0
      000039 C0                     371 	.db #0xc0	; 192
      00003A 07                     372 	.db #0x07	; 7
      00003B 08                     373 	.db #0x08	; 8
      00003C 00                     374 	.db #0x00	; 0
      00003D 0F                     375 	.db #0x0f	; 15
      00003E 07                     376 	.db #0x07	; 7
      00003F 18                     377 	.db #0x18	; 24
      000040 0F                     378 	.db #0x0f	; 15
      000041 10                     379 	.db #0x10	; 16
      000042 0F                     380 	.db #0x0f	; 15
      000043 10                     381 	.db #0x10	; 16
      000044 07                     382 	.db #0x07	; 7
      000045 18                     383 	.db #0x18	; 24
      000046 07                     384 	.db #0x07	; 7
      000047 08                     385 	.db #0x08	; 8
      000048 00                     386 	.db #0x00	; 0
      000049 0F                     387 	.db #0x0f	; 15
                                    388 	.area _CABS (ABS)
