                                      1 ;--------------------------------------------------------
                                      2 ; File Created by SDCC : free open source ANSI-C Compiler
                                      3 ; Version 4.1.6 #12539 (MINGW32)
                                      4 ;--------------------------------------------------------
                                      5 	.module Map_Engine
                                      6 	.optsdcc -mgbz80
                                      7 	
                                      8 ;--------------------------------------------------------
                                      9 ; Public variables in this module
                                     10 ;--------------------------------------------------------
                                     11 	.globl _cpu_wait
                                     12 	.globl _set_bkg_data
                                     13 	.globl _map_setup
                                     14 	.globl _scroll_map
                                     15 ;--------------------------------------------------------
                                     16 ; special function registers
                                     17 ;--------------------------------------------------------
                                     18 ;--------------------------------------------------------
                                     19 ; ram data
                                     20 ;--------------------------------------------------------
                                     21 	.area _DATA
                                     22 ;--------------------------------------------------------
                                     23 ; ram data
                                     24 ;--------------------------------------------------------
                                     25 	.area _INITIALIZED
                                     26 ;--------------------------------------------------------
                                     27 ; absolute external ram data
                                     28 ;--------------------------------------------------------
                                     29 	.area _DABS (ABS)
                                     30 ;--------------------------------------------------------
                                     31 ; global & static initialisations
                                     32 ;--------------------------------------------------------
                                     33 	.area _HOME
                                     34 	.area _GSINIT
                                     35 	.area _GSFINAL
                                     36 	.area _GSINIT
                                     37 ;--------------------------------------------------------
                                     38 ; Home
                                     39 ;--------------------------------------------------------
                                     40 	.area _HOME
                                     41 	.area _HOME
                                     42 ;--------------------------------------------------------
                                     43 ; code
                                     44 ;--------------------------------------------------------
                                     45 	.area _CODE
                           000000    46 	G$map_setup$0$0	= .
                                     47 	.globl	G$map_setup$0$0
                           000000    48 	C$Map_Engine.c$17$0_0$103	= .
                                     49 	.globl	C$Map_Engine.c$17$0_0$103
                                     50 ;src/engine/Map_Engine.c:17: void map_setup(uint8_t* mapTile) 
                                     51 ;	---------------------------------
                                     52 ; Function map_setup
                                     53 ; ---------------------------------
      000000                         54 _map_setup::
                           000000    55 	C$Map_Engine.c$19$1_0$103	= .
                                     56 	.globl	C$Map_Engine.c$19$1_0$103
                                     57 ;src/engine/Map_Engine.c:19: set_bkg_data(0, 7, mapTile);
      000000 F8 02                   58 	ldhl	sp,	#2
      000002 2A                      59 	ld	a, (hl+)
      000003 5F                      60 	ld	e, a
      000004 56                      61 	ld	d, (hl)
      000005 D5                      62 	push	de
      000006 21 00 07                63 	ld	hl, #0x700
      000009 E5                      64 	push	hl
      00000A CDr00r00                65 	call	_set_bkg_data
      00000D E8 04                   66 	add	sp, #4
                           00000F    67 	C$Map_Engine.c$21$1_0$103	= .
                                     68 	.globl	C$Map_Engine.c$21$1_0$103
                                     69 ;src/engine/Map_Engine.c:21: SHOW_BKG;
      00000F F0r00                   70 	ldh	a, (_LCDC_REG + 0)
      000011 F6 01                   71 	or	a, #0x01
      000013 E0r00                   72 	ldh	(_LCDC_REG + 0), a
                           000015    73 	C$Map_Engine.c$22$1_0$103	= .
                                     74 	.globl	C$Map_Engine.c$22$1_0$103
                                     75 ;src/engine/Map_Engine.c:22: DISPLAY_ON;
      000015 F0r00                   76 	ldh	a, (_LCDC_REG + 0)
      000017 F6 80                   77 	or	a, #0x80
      000019 E0r00                   78 	ldh	(_LCDC_REG + 0), a
                           00001B    79 	C$Map_Engine.c$23$1_0$103	= .
                                     80 	.globl	C$Map_Engine.c$23$1_0$103
                                     81 ;src/engine/Map_Engine.c:23: }
                           00001B    82 	C$Map_Engine.c$23$1_0$103	= .
                                     83 	.globl	C$Map_Engine.c$23$1_0$103
                           00001B    84 	XG$map_setup$0$0	= .
                                     85 	.globl	XG$map_setup$0$0
      00001B C9                      86 	ret
                           00001C    87 	G$scroll_map$0$0	= .
                                     88 	.globl	G$scroll_map$0$0
                           00001C    89 	C$Map_Engine.c$25$1_0$105	= .
                                     90 	.globl	C$Map_Engine.c$25$1_0$105
                                     91 ;src/engine/Map_Engine.c:25: void scroll_map(uint8_t scrollSpeed_x, uint8_t scrollSpeed_y) 
                                     92 ;	---------------------------------
                                     93 ; Function scroll_map
                                     94 ; ---------------------------------
      00001C                         95 _scroll_map::
                                     96 ;src/engine/Map_Engine.c:27: scroll_bkg(scrollSpeed_x, scrollSpeed_y);
      00001C F8 03                   97 	ldhl	sp,	#3
      00001E 3A                      98 	ld	a, (hl-)
      00001F 4F                      99 	ld	c, a
      000020 46                     100 	ld	b, (hl)
                                    101 ;C:/gbdk/include/gb/gb.h:1094: SCX_REG+=x, SCY_REG+=y;
      000021 F0r00                  102 	ldh	a, (_SCX_REG + 0)
      000023 80                     103 	add	a, b
      000024 E0r00                  104 	ldh	(_SCX_REG + 0), a
      000026 F0r00                  105 	ldh	a, (_SCY_REG + 0)
      000028 81                     106 	add	a, c
      000029 E0r00                  107 	ldh	(_SCY_REG + 0), a
                           00002B   108 	C$Map_Engine.c$28$1_0$105	= .
                                    109 	.globl	C$Map_Engine.c$28$1_0$105
                                    110 ;src/engine/Map_Engine.c:28: cpu_wait(1000);
      00002B 3E E8                  111 	ld	a, #0xe8
      00002D F5                     112 	push	af
      00002E 33                     113 	inc	sp
      00002F CDr00r00               114 	call	_cpu_wait
      000032 33                     115 	inc	sp
                           000033   116 	C$Map_Engine.c$29$1_0$105	= .
                                    117 	.globl	C$Map_Engine.c$29$1_0$105
                                    118 ;src/engine/Map_Engine.c:29: }
                           000033   119 	C$Map_Engine.c$29$1_0$105	= .
                                    120 	.globl	C$Map_Engine.c$29$1_0$105
                           000033   121 	XG$scroll_map$0$0	= .
                                    122 	.globl	XG$scroll_map$0$0
      000033 C9                     123 	ret
                                    124 	.area _CODE
                                    125 	.area _INITIALIZER
                                    126 	.area _CABS (ABS)
