                                      1 ;--------------------------------------------------------
                                      2 ; File Created by SDCC : free open source ANSI-C Compiler
                                      3 ; Version 4.1.6 #12539 (MINGW32)
                                      4 ;--------------------------------------------------------
                                      5 	.module System
                                      6 	.optsdcc -mgbz80
                                      7 	
                                      8 ;--------------------------------------------------------
                                      9 ; Public variables in this module
                                     10 ;--------------------------------------------------------
                                     11 	.globl _wait_vbl_done
                                     12 	.globl _cpu_wait
                                     13 	.globl _render
                                     14 ;--------------------------------------------------------
                                     15 ; special function registers
                                     16 ;--------------------------------------------------------
                                     17 ;--------------------------------------------------------
                                     18 ; ram data
                                     19 ;--------------------------------------------------------
                                     20 	.area _DATA
                                     21 ;--------------------------------------------------------
                                     22 ; ram data
                                     23 ;--------------------------------------------------------
                                     24 	.area _INITIALIZED
                                     25 ;--------------------------------------------------------
                                     26 ; absolute external ram data
                                     27 ;--------------------------------------------------------
                                     28 	.area _DABS (ABS)
                                     29 ;--------------------------------------------------------
                                     30 ; global & static initialisations
                                     31 ;--------------------------------------------------------
                                     32 	.area _HOME
                                     33 	.area _GSINIT
                                     34 	.area _GSFINAL
                                     35 	.area _GSINIT
                                     36 ;--------------------------------------------------------
                                     37 ; Home
                                     38 ;--------------------------------------------------------
                                     39 	.area _HOME
                                     40 	.area _HOME
                                     41 ;--------------------------------------------------------
                                     42 ; code
                                     43 ;--------------------------------------------------------
                                     44 	.area _CODE
                           000000    45 	G$cpu_wait$0$0	= .
                                     46 	.globl	G$cpu_wait$0$0
                           000000    47 	C$System.c$16$0_0$102	= .
                                     48 	.globl	C$System.c$16$0_0$102
                                     49 ;src/engine/System.c:16: void cpu_wait(UINT16 ms)
                                     50 ;	---------------------------------
                                     51 ; Function cpu_wait
                                     52 ; ---------------------------------
      000000                         53 _cpu_wait::
      000000 E8 F8                   54 	add	sp, #-8
                           000002    55 	C$System.c$18$2_0$102	= .
                                     56 	.globl	C$System.c$18$2_0$102
                                     57 ;src/engine/System.c:18: UINT32 numloops = (ms / 1000) * 60;
      000002 11 E8 03                58 	ld	de, #0x03e8
      000005 D5                      59 	push	de
      000006 F8 0C                   60 	ldhl	sp,	#12
      000008 2A                      61 	ld	a, (hl+)
      000009 5F                      62 	ld	e, a
      00000A 56                      63 	ld	d, (hl)
      00000B D5                      64 	push	de
      00000C CDr00r00                65 	call	__divuint
      00000F E8 04                   66 	add	sp, #4
      000011 4B                      67 	ld	c, e
      000012 42                      68 	ld	b, d
      000013 69                      69 	ld	l, c
      000014 60                      70 	ld	h, b
      000015 29                      71 	add	hl, hl
      000016 09                      72 	add	hl, bc
      000017 29                      73 	add	hl, hl
      000018 09                      74 	add	hl, bc
      000019 29                      75 	add	hl, hl
      00001A 09                      76 	add	hl, bc
      00001B 29                      77 	add	hl, hl
      00001C 29                      78 	add	hl, hl
      00001D 4D                      79 	ld	c, l
      00001E 44                      80 	ld	b, h
      00001F 33                      81 	inc	sp
      000020 33                      82 	inc	sp
      000021 C5                      83 	push	bc
      000022 AF                      84 	xor	a, a
      000023 F8 02                   85 	ldhl	sp,	#2
      000025 22                      86 	ld	(hl+), a
      000026 77                      87 	ld	(hl), a
                           000027    88 	C$System.c$20$2_0$102	= .
                                     89 	.globl	C$System.c$20$2_0$102
                                     90 ;src/engine/System.c:20: for(i = 0; i < numloops; i++){
      000027 06 00                   91 	ld	b, #0x00
      000029                         92 00103$:
      000029 F8 04                   93 	ldhl	sp,	#4
      00002B 78                      94 	ld	a, b
      00002C 22                      95 	ld	(hl+), a
      00002D AF                      96 	xor	a, a
      00002E 22                      97 	ld	(hl+), a
      00002F 22                      98 	ld	(hl+), a
      000030 77                      99 	ld	(hl), a
      000031 F8 04                  100 	ldhl	sp,	#4
      000033 5D                     101 	ld	e, l
      000034 54                     102 	ld	d, h
      000035 F8 00                  103 	ldhl	sp,	#0
      000037 1A                     104 	ld	a, (de)
      000038 13                     105 	inc	de
      000039 96                     106 	sub	a, (hl)
      00003A 23                     107 	inc	hl
      00003B 1A                     108 	ld	a, (de)
      00003C 13                     109 	inc	de
      00003D 9E                     110 	sbc	a, (hl)
      00003E 23                     111 	inc	hl
      00003F 1A                     112 	ld	a, (de)
      000040 13                     113 	inc	de
      000041 9E                     114 	sbc	a, (hl)
      000042 23                     115 	inc	hl
      000043 1A                     116 	ld	a, (de)
      000044 9E                     117 	sbc	a, (hl)
      000045 30 06                  118 	jr	NC, 00105$
                           000047   119 	C$System.c$21$3_0$103	= .
                                    120 	.globl	C$System.c$21$3_0$103
                                    121 ;src/engine/System.c:21: wait_vbl_done();
      000047 CDr00r00               122 	call	_wait_vbl_done
                           00004A   123 	C$System.c$20$2_0$102	= .
                                    124 	.globl	C$System.c$20$2_0$102
                                    125 ;src/engine/System.c:20: for(i = 0; i < numloops; i++){
      00004A 04                     126 	inc	b
      00004B 18 DC                  127 	jr	00103$
      00004D                        128 00105$:
                           00004D   129 	C$System.c$23$2_0$102	= .
                                    130 	.globl	C$System.c$23$2_0$102
                                    131 ;src/engine/System.c:23: }
      00004D E8 08                  132 	add	sp, #8
                           00004F   133 	C$System.c$23$2_0$102	= .
                                    134 	.globl	C$System.c$23$2_0$102
                           00004F   135 	XG$cpu_wait$0$0	= .
                                    136 	.globl	XG$cpu_wait$0$0
      00004F C9                     137 	ret
                           000050   138 	G$render$0$0	= .
                                    139 	.globl	G$render$0$0
                           000050   140 	C$System.c$25$2_0$105	= .
                                    141 	.globl	C$System.c$25$2_0$105
                                    142 ;src/engine/System.c:25: void render(void)
                                    143 ;	---------------------------------
                                    144 ; Function render
                                    145 ; ---------------------------------
      000050                        146 _render::
                           000050   147 	C$System.c$28$1_0$105	= .
                                    148 	.globl	C$System.c$28$1_0$105
                                    149 ;src/engine/System.c:28: SHOW_SPRITES;
      000050 F0r00                  150 	ldh	a, (_LCDC_REG + 0)
      000052 F6 02                  151 	or	a, #0x02
      000054 E0r00                  152 	ldh	(_LCDC_REG + 0), a
                           000056   153 	C$System.c$29$1_0$105	= .
                                    154 	.globl	C$System.c$29$1_0$105
                                    155 ;src/engine/System.c:29: }
                           000056   156 	C$System.c$29$1_0$105	= .
                                    157 	.globl	C$System.c$29$1_0$105
                           000056   158 	XG$render$0$0	= .
                                    159 	.globl	XG$render$0$0
      000056 C9                     160 	ret
                                    161 	.area _CODE
                                    162 	.area _INITIALIZER
                                    163 	.area _CABS (ABS)
